Flow report for lab6
Wed May 11 01:10:35 2022
Quartus Prime Version 18.1.0 Build 625 09/12/2018 SJ Lite Edition


---------------------
; Table of Contents ;
---------------------
  1. Legal Notice
  2. Flow Summary
  3. Flow Settings
  4. Flow Non-Default Global Settings
  5. Flow Elapsed Time
  6. Flow OS Summary
  7. Flow Log
  8. Flow Messages
  9. Flow Suppressed Messages



----------------
; Legal Notice ;
----------------
Copyright (C) 2018  Intel Corporation. All rights reserved.
Your use of Intel Corporation's design tools, logic functions 
and other software and tools, and its AMPP partner logic 
functions, and any output files from any of the foregoing 
(including device programming or simulation files), and any 
associated documentation or information are expressly subject 
to the terms and conditions of the Intel Program License 
Subscription Agreement, the Intel Quartus Prime License Agreement,
the Intel FPGA IP License Agreement, or other applicable license
agreement, including, without limitation, that your use is for
the sole purpose of programming logic devices manufactured by
Intel and sold by Intel or its authorized distributors.  Please
refer to the applicable agreement for further details.



+----------------------------------------------------------------------------------+
; Flow Summary                                                                     ;
+------------------------------------+---------------------------------------------+
; Flow Status                        ; Successful - Wed May 11 01:10:26 2022       ;
; Quartus Prime Version              ; 18.1.0 Build 625 09/12/2018 SJ Lite Edition ;
; Revision Name                      ; lab6                                        ;
; Top-level Entity Name              ; finalProject                                ;
; Family                             ; MAX 10                                      ;
; Device                             ; 10M50DAF484C7G                              ;
; Timing Models                      ; Final                                       ;
; Total logic elements               ; 4,119 / 49,760 ( 8 % )                      ;
;     Total combinational functions  ; 3,426 / 49,760 ( 7 % )                      ;
;     Dedicated logic registers      ; 2,516 / 49,760 ( 5 % )                      ;
; Total registers                    ; 2585                                        ;
; Total pins                         ; 165 / 360 ( 46 % )                          ;
; Total virtual pins                 ; 0                                           ;
; Total memory bits                  ; 318,592 / 1,677,312 ( 19 % )                ;
; Embedded Multiplier 9-bit elements ; 4 / 288 ( 1 % )                             ;
; Total PLLs                         ; 1 / 4 ( 25 % )                              ;
; UFM blocks                         ; 0 / 1 ( 0 % )                               ;
; ADC blocks                         ; 0 / 2 ( 0 % )                               ;
+------------------------------------+---------------------------------------------+


+-----------------------------------------+
; Flow Settings                           ;
+-------------------+---------------------+
; Option            ; Setting             ;
+-------------------+---------------------+
; Start date & time ; 05/11/2022 01:08:26 ;
; Main task         ; Compilation         ;
; Revision Name     ; lab6                ;
+-------------------+---------------------+


+------------------------------------------------------------------------------------------------------------------------------------------------------------+
; Flow Non-Default Global Settings                                                                                                                           ;
+-------------------------------------+---------------------------------------------------------------------+---------------+-------------------+------------+
; Assignment Name                     ; Value                                                               ; Default Value ; Entity Name       ; Section Id ;
+-------------------------------------+---------------------------------------------------------------------+---------------+-------------------+------------+
; COMPILER_SIGNATURE_ID               ; 9447193515055.165224930601740                                       ; --            ; --                ; --         ;
; FLOW_ENABLE_POWER_ANALYZER          ; On                                                                  ; Off           ; --                ; --         ;
; MAX_CORE_JUNCTION_TEMP              ; 85                                                                  ; --            ; --                ; --         ;
; MIN_CORE_JUNCTION_TEMP              ; 0                                                                   ; --            ; --                ; --         ;
; MISC_FILE                           ; VRAM_bb.v                                                           ; --            ; --                ; --         ;
; MISC_FILE                           ; final_project_soc/synthesis/../final_project_soc.cmp                ; --            ; --                ; --         ;
; MISC_FILE                           ; final_project_soc/synthesis/../../final_project_soc.qsys            ; --            ; --                ; --         ;
; OUTPUT_IO_TIMING_FAR_END_VMEAS      ; Half Signal Swing                                                   ; --            ; --                ; --         ;
; OUTPUT_IO_TIMING_FAR_END_VMEAS      ; Half Signal Swing                                                   ; --            ; --                ; --         ;
; OUTPUT_IO_TIMING_NEAR_END_VMEAS     ; Half Vccio                                                          ; --            ; --                ; --         ;
; OUTPUT_IO_TIMING_NEAR_END_VMEAS     ; Half Vccio                                                          ; --            ; --                ; --         ;
; PARTITION_COLOR                     ; -- (Not supported for targeted family)                              ; --            ; DE10_LITE_Default ; Top        ;
; PARTITION_COLOR                     ; -- (Not supported for targeted family)                              ; --            ; finalProject      ; Top        ;
; PARTITION_FITTER_PRESERVATION_LEVEL ; -- (Not supported for targeted family)                              ; --            ; DE10_LITE_Default ; Top        ;
; PARTITION_FITTER_PRESERVATION_LEVEL ; -- (Not supported for targeted family)                              ; --            ; finalProject      ; Top        ;
; PARTITION_NETLIST_TYPE              ; -- (Not supported for targeted family)                              ; --            ; DE10_LITE_Default ; Top        ;
; PARTITION_NETLIST_TYPE              ; -- (Not supported for targeted family)                              ; --            ; finalProject      ; Top        ;
; POWER_BOARD_THERMAL_MODEL           ; None (CONSERVATIVE)                                                 ; --            ; --                ; --         ;
; POWER_DEFAULT_INPUT_IO_TOGGLE_RATE  ; 12.5 %                                                              ; 12.5%         ; --                ; --         ;
; POWER_PRESET_COOLING_SOLUTION       ; 23 MM HEAT SINK WITH 200 LFPM AIRFLOW                               ; --            ; --                ; --         ;
; PROJECT_OUTPUT_DIRECTORY            ; output_files                                                        ; --            ; --                ; --         ;
; SLD_FILE                            ; final_project_soc/synthesis/final_project_soc.regmap                ; --            ; --                ; --         ;
; SLD_FILE                            ; final_project_soc/synthesis/final_project_soc.debuginfo             ; --            ; --                ; --         ;
; SLD_INFO                            ; QSYS_NAME final_project_soc HAS_SOPCINFO 1 GENERATION_ID 1650569830 ; --            ; final_project_soc ; --         ;
; SOPCINFO_FILE                       ; final_project_soc/synthesis/../../final_project_soc.sopcinfo        ; --            ; --                ; --         ;
; SYNTHESIS_ONLY_QIP                  ; On                                                                  ; --            ; --                ; --         ;
; TOP_LEVEL_ENTITY                    ; finalProject                                                        ; lab6          ; --                ; --         ;
+-------------------------------------+---------------------------------------------------------------------+---------------+-------------------+------------+


+--------------------------------------------------------------------------------------------------------------------------+
; Flow Elapsed Time                                                                                                        ;
+----------------------+--------------+-------------------------+---------------------+------------------------------------+
; Module Name          ; Elapsed Time ; Average Processors Used ; Peak Virtual Memory ; Total CPU Time (on all processors) ;
+----------------------+--------------+-------------------------+---------------------+------------------------------------+
; Analysis & Synthesis ; 00:00:57     ; 1.0                     ; 4993 MB             ; 00:00:47                           ;
; Fitter               ; 00:00:41     ; 1.3                     ; 5783 MB             ; 00:00:38                           ;
; Assembler            ; 00:00:04     ; 1.0                     ; 4707 MB             ; 00:00:03                           ;
; Power Analyzer       ; 00:00:09     ; 1.7                     ; 4915 MB             ; 00:00:10                           ;
; Timing Analyzer      ; 00:00:08     ; 1.8                     ; 4890 MB             ; 00:00:10                           ;
; Total                ; 00:01:59     ; --                      ; --                  ; 00:01:48                           ;
+----------------------+--------------+-------------------------+---------------------+------------------------------------+


+------------------------------------------------------------------------------------+
; Flow OS Summary                                                                    ;
+----------------------+------------------+------------+------------+----------------+
; Module Name          ; Machine Hostname ; OS Name    ; OS Version ; Processor type ;
+----------------------+------------------+------------+------------+----------------+
; Analysis & Synthesis ; Devuls-PC        ; Windows 10 ; 10.0       ; x86_64         ;
; Fitter               ; Devuls-PC        ; Windows 10 ; 10.0       ; x86_64         ;
; Assembler            ; Devuls-PC        ; Windows 10 ; 10.0       ; x86_64         ;
; Power Analyzer       ; Devuls-PC        ; Windows 10 ; 10.0       ; x86_64         ;
; Timing Analyzer      ; Devuls-PC        ; Windows 10 ; 10.0       ; x86_64         ;
+----------------------+------------------+------------+------------+----------------+


------------
; Flow Log ;
------------
quartus_map --read_settings_files=on --write_settings_files=off lab6 -c lab6
quartus_fit --read_settings_files=off --write_settings_files=off lab6 -c lab6
quartus_asm --read_settings_files=off --write_settings_files=off lab6 -c lab6
quartus_pow --read_settings_files=off --write_settings_files=off lab6 -c lab6
quartus_sta lab6 -c lab6



